<?xml version="1.0" encoding="UTF-8"?>
<!-- Generated by org.testng.reporters.JUnitReportReporter -->
<testsuite skipped="0" hostname="SAMADVAITHA" name="com.seleniumPrograms.ExcelFileReadeAndWrite" tests="2" failures="0" timestamp="23 Feb 2020 08:01:51 GMT" time="1.357" errors="0">
  <testcase name="excelReader" time="0.084" classname="com.seleniumPrograms.ExcelFileReadeAndWrite"/>
  <testcase name="ExcelWrite" time="1.273" classname="com.seleniumPrograms.ExcelFileReadeAndWrite"/>
</testsuite> <!-- com.seleniumPrograms.ExcelFileReadeAndWrite -->
