<?xml version="1.0" encoding="UTF-8"?>
<!-- Generated by org.testng.reporters.JUnitReportReporter -->
<testsuite skipped="0" hostname="SAMADVAITHA" name="com.qa.applicationName.testPages.CreateAccountPageTest" tests="1" failures="0" timestamp="08 Mar 2020 13:47:12 GMT" time="25.888" errors="0">
  <testcase name="validateTitle" time="25.888" classname="com.qa.applicationName.testPages.CreateAccountPageTest"/>
</testsuite> <!-- com.qa.applicationName.testPages.CreateAccountPageTest -->
