<?xml version="1.0" encoding="UTF-8"?>
<!-- Generated by org.testng.reporters.JUnitReportReporter -->
<testsuite skipped="0" hostname="SAMADVAITHA" name="com.seleniumPrograms.InterviewPurpose" tests="1" failures="0" timestamp="12 Feb 2020 16:37:56 GMT" time="35.606" errors="0">
  <testcase name="javaScriptExecu" time="35.606" classname="com.seleniumPrograms.InterviewPurpose"/>
</testsuite> <!-- com.seleniumPrograms.InterviewPurpose -->
