<?xml version="1.0" encoding="UTF-8"?>
<!-- Generated by org.testng.reporters.JUnitReportReporter -->
<testsuite skipped="0" hostname="SAMADVAITHA" name="com.seleniumPrograms.ExcelFileReadeAndWrite" tests="1" failures="0" timestamp="04 Mar 2020 08:51:25 GMT" time="2.546" errors="0">
  <testcase name="ExcelWrite" time="2.546" classname="com.seleniumPrograms.ExcelFileReadeAndWrite"/>
</testsuite> <!-- com.seleniumPrograms.ExcelFileReadeAndWrite -->
